<?xml version="1.0" encoding="UTF-8"?>
<!-- Generated by org.testng.reporters.JUnitReportReporter -->
<testsuite hostname="DESKTOP-O13KM05" failures="0" tests="1" name="testng_programs.ChekingTestNGWorkingfineornot" time="0.017" errors="0" timestamp="2025-02-26T17:31:45 IST" skipped="0">
  <testcase classname="testng_programs.ChekingTestNGWorkingfineornot" name="testcase1" time="0.017"/>
</testsuite> <!-- testng_programs.ChekingTestNGWorkingfineornot -->
