<?xml version="1.0" encoding="UTF-8"?>
<!-- Generated by org.testng.reporters.JUnitReportReporter -->
<testsuite hostname="DESKTOP-O13KM05" failures="0" tests="2" name="testngProgram.TestNG_Program" time="0.024" errors="0" timestamp="2025-02-26T20:10:34 IST" skipped="0">
  <testcase classname="testngProgram.TestNG_Program" name="testcase2" time="0.003"/>
  <testcase classname="testngProgram.TestNG_Program" name="testcase1" time="0.021"/>
</testsuite> <!-- testngProgram.TestNG_Program -->
