<?xml version="1.0" encoding="UTF-8"?>
<!-- Generated by org.testng.reporters.JUnitReportReporter -->
<testsuite hostname="DESKTOP-O13KM05" failures="0" tests="1" name="testngProgram.First_LoginProgramWith1Annotation" time="8.931" errors="0" timestamp="2025-02-27T18:59:31 IST" skipped="0">
  <testcase classname="testngProgram.First_LoginProgramWith1Annotation" name="login" time="8.931"/>
</testsuite> <!-- testngProgram.First_LoginProgramWith1Annotation -->
