<?xml version="1.0" encoding="UTF-8"?>
<!-- Generated by org.testng.reporters.JUnitReportReporter -->
<testsuite hostname="DESKTOP-O13KM05" failures="0" tests="1" name="testngProgram.TestCase1" time="44.705" errors="0" timestamp="2025-03-29T19:55:30 IST" skipped="0">
  <testcase classname="testngProgram.TestCase1" name="login_search_wishlist_cart_logout" time="44.705"/>
</testsuite> <!-- testngProgram.TestCase1 -->
