<?xml version="1.0" encoding="UTF-8"?>
<!-- Generated by org.testng.reporters.JUnitReportReporter -->
<testsuite hostname="DESKTOP-O13KM05" failures="0" tests="1" name="testngProgram.TestCase3" time="43.510" errors="0" timestamp="2025-04-01T19:34:56 IST" skipped="0">
  <testcase classname="testngProgram.TestCase3" name="login_search_wishlist_cart_logout" time="43.510"/>
</testsuite> <!-- testngProgram.TestCase3 -->
