<?xml version="1.0" encoding="UTF-8"?>
<!-- Generated by org.testng.reporters.JUnitReportReporter -->
<testsuite hostname="DESKTOP-O13KM05" failures="0" tests="2" name="MavenTestPackage1.TestNG_Program" time="0.014" errors="0" timestamp="2025-02-26T18:03:24 IST" skipped="0">
  <testcase classname="MavenTestPackage1.TestNG_Program" name="testcase2" time="0.002"/>
  <testcase classname="MavenTestPackage1.TestNG_Program" name="testcase1" time="0.012"/>
</testsuite> <!-- MavenTestPackage1.TestNG_Program -->
