<?xml version="1.0" encoding="UTF-8"?>
<!-- Generated by org.testng.reporters.JUnitReportReporter -->
<testsuite hostname="DESKTOP-O13KM05" failures="0" tests="1" name="testngProgram.TestCase3" time="26.889" errors="0" timestamp="2025-04-02T23:19:43 IST" skipped="0">
  <testcase classname="testngProgram.TestCase3" name="login_search_wishlist_cart_logout" time="26.889"/>
</testsuite> <!-- testngProgram.TestCase3 -->
