<?xml version="1.0" encoding="UTF-8"?>
<!-- Generated by org.testng.reporters.JUnitReportReporter -->
<testsuite hostname="DESKTOP-O13KM05" failures="0" tests="1" name="testngProgram.TestCase2" time="54.531" errors="0" timestamp="2025-04-04T17:31:49 IST" skipped="0">
  <testcase classname="testngProgram.TestCase2" name="login_search_wishlist_cart_logout" time="54.531"/>
</testsuite> <!-- testngProgram.TestCase2 -->
