<?xml version="1.0" encoding="UTF-8"?>
<!-- Generated by org.testng.reporters.JUnitReportReporter -->
<testsuite hostname="DESKTOP-O13KM05" failures="0" tests="1" name="testngProgram.TestCase2" time="41.588" errors="0" timestamp="2025-03-29T20:36:32 IST" skipped="0">
  <testcase classname="testngProgram.TestCase2" name="login_search_wishlist_cart_logout" time="41.588"/>
</testsuite> <!-- testngProgram.TestCase2 -->
